[Fecha]: 10/2/2020 23:39:44[Tipo]Exception [Excepcion/Evento]: F:\CIAC TAS\CIAC TAS Web\adminlte\Views\TASEstudiante\TASEstudianteEncuestaSatisfaccionEstudianteEncuestar.cshtml(48): error CS1061: 'TASEncuestaSatisfaccionEstudianteDetalle' does not contain a definition for 'etTASConfiguracionEncuestaSatisfacionEstudiante' and no extension method 'etTASConfiguracionEncuestaSatisfacionEstudiante' accepting a first argument of type 'TASEncuestaSatisfaccionEstudianteDetalle' could be found (are you missing a using directive or an assembly reference?) [Clase]: TASEstudiante [Action]: TASEstudianteEncuestaSatisfaccionEstudiante
[Fecha]: 10/2/2020 23:43:11[Tipo]Exception [Excepcion/Evento]: F:\CIAC TAS\CIAC TAS Web\adminlte\Views\TASEstudiante\TASEstudianteEncuestaSatisfaccionEstudianteEncuestar.cshtml(48): error CS1061: 'TASEncuestaSatisfaccionEstudianteDetalle' does not contain a definition for 'etTASConfiguracionEncuestaSatisfacionEstudiante' and no extension method 'etTASConfiguracionEncuestaSatisfacionEstudiante' accepting a first argument of type 'TASEncuestaSatisfaccionEstudianteDetalle' could be found (are you missing a using directive or an assembly reference?) [Clase]: TASEstudiante [Action]: TASEstudianteEncuestaSatisfaccionEstudiante
